0 info it worked if it ends with ok
1 verbose cli [ 'C:\\Program Files\\nodejs\\node.exe',
1 verbose cli   'C:\\Program Files\\nodejs\\node_modules\\npm\\bin\\npm-cli.js',
1 verbose cli   'run',
1 verbose cli   'test:debug' ]
2 info using npm@3.10.8
3 info using node@v6.9.1
4 verbose run-script [ 'pretest:debug', 'test:debug', 'posttest:debug' ]
5 info lifecycle client@1.0.0~pretest:debug: client@1.0.0
6 silly lifecycle client@1.0.0~pretest:debug: no script for pretest:debug, continuing
7 info lifecycle client@1.0.0~test:debug: client@1.0.0
8 verbose lifecycle client@1.0.0~test:debug: unsafe-perm in lifecycle true
9 verbose lifecycle client@1.0.0~test:debug: PATH: C:\Program Files\nodejs\node_modules\npm\bin\node-gyp-bin;D:\AngularCS\AngularTask\node_modules\.bin;C:\Windows\system32;C:\Windows;C:\Windows\System32\Wbem;C:\Windows\System32\WindowsPowerShell\v1.0\;C:\Program Files (x86)\NVIDIA Corporation\PhysX\Common;C:\Program Files (x86)\Skype\Phone\;C:\Program Files (x86)\QuickTime\QTSystem\;C:\WINDOWS\system32\config\systemprofile\.dnx\bin;C:\Program Files\Microsoft DNX\Dnvm\;C:\Program Files\Microsoft SQL Server\130\Tools\Binn\;C:\Program Files (x86)\Microsoft SQL Server\100\Tools\Binn\;C:\Program Files\Microsoft SQL Server\100\Tools\Binn\;C:\Program Files\Microsoft SQL Server\100\DTS\Binn\;C:\Program Files (x86)\Microsoft SQL Server\100\Tools\Binn\VSShell\Common7\IDE\;C:\Program Files (x86)\Microsoft SQL Server\100\DTS\Binn\;C:\WINDOWS\system32;C:\WINDOWS;C:\WINDOWS\System32\Wbem;C:\WINDOWS\System32\WindowsPowerShell\v1.0\;C:\Program Files (x86)\MiKTeX 2.9\miktex\bin\;C:\Program Files\nodejs\;C:\Users\Home\AppData\Local\Microsoft\WindowsApps;C:\Users\Home\AppData\Roaming\npm
10 verbose lifecycle client@1.0.0~test:debug: CWD: D:\AngularCS\AngularTask
11 silly lifecycle client@1.0.0~test:debug: Args: [ '/d /s /c',
11 silly lifecycle   'karma start karma.conf.js --single-run=false --browsers PhantomJS --debug' ]
12 silly lifecycle client@1.0.0~test:debug: Returned: code: 3221225786  signal: null
13 info lifecycle client@1.0.0~test:debug: Failed to exec test:debug script
14 verbose stack Error: client@1.0.0 test:debug: `karma start karma.conf.js --single-run=false --browsers PhantomJS --debug`
14 verbose stack Exit status 3221225786
14 verbose stack     at EventEmitter.<anonymous> (C:\Program Files\nodejs\node_modules\npm\lib\utils\lifecycle.js:255:16)
14 verbose stack     at emitTwo (events.js:106:13)
14 verbose stack     at EventEmitter.emit (events.js:191:7)
14 verbose stack     at ChildProcess.<anonymous> (C:\Program Files\nodejs\node_modules\npm\lib\utils\spawn.js:40:14)
14 verbose stack     at emitTwo (events.js:106:13)
14 verbose stack     at ChildProcess.emit (events.js:191:7)
14 verbose stack     at maybeClose (internal/child_process.js:877:16)
14 verbose stack     at Process.ChildProcess._handle.onexit (internal/child_process.js:226:5)
15 verbose pkgid client@1.0.0
16 verbose cwd D:\AngularCS\AngularTask\src
17 error Windows_NT 10.0.14393
18 error argv "C:\\Program Files\\nodejs\\node.exe" "C:\\Program Files\\nodejs\\node_modules\\npm\\bin\\npm-cli.js" "run" "test:debug"
19 error node v6.9.1
20 error npm  v3.10.8
21 error code ELIFECYCLE
22 error client@1.0.0 test:debug: `karma start karma.conf.js --single-run=false --browsers PhantomJS --debug`
22 error Exit status 3221225786
23 error Failed at the client@1.0.0 test:debug script 'karma start karma.conf.js --single-run=false --browsers PhantomJS --debug'.
23 error Make sure you have the latest version of node.js and npm installed.
23 error If you do, this is most likely a problem with the client package,
23 error not with npm itself.
23 error Tell the author that this fails on your system:
23 error     karma start karma.conf.js --single-run=false --browsers PhantomJS --debug
23 error You can get information on how to open an issue for this project with:
23 error     npm bugs client
23 error Or if that isn't available, you can get their info via:
23 error     npm owner ls client
23 error There is likely additional logging output above.
24 verbose exit [ 1, true ]
